2025-05-31 14:55:56,463 INFO Starting GateApplication using Java 23.0.2 with PID 6984 (D:\alexx\projects\social-network\gate\target\classes started by user in D:\alexx\projects\social-network\gate)
2025-05-31 14:55:56,465 DEBUG Running with Spring Boot v3.4.4, Spring v6.2.5
2025-05-31 14:55:56,466 INFO No active profile set, falling back to 1 default profile: "h2"
2025-05-31 14:55:57,918 INFO Bootstrapping Spring Data JPA repositories in DEFAULT mode.
2025-05-31 14:55:58,041 INFO Finished Spring Data repository scanning in 108 ms. Found 6 JPA repository interfaces.
2025-05-31 14:55:59,044 INFO Tomcat initialized with port 8080 (http)
2025-05-31 14:55:59,179 INFO Root WebApplicationContext: initialization completed in 2577 ms
2025-05-31 14:56:00,153 INFO No LoadTimeWeaver setup: ignoring JPA class transformer
2025-05-31 14:56:02,699 INFO Initialized JPA EntityManagerFactory for persistence unit 'default'
2025-05-31 14:56:03,130 INFO Hibernate is in classpath; If applicable, HQL parser will be used.
2025-05-31 14:56:03,587 INFO Global AuthenticationManager configured with UserDetailsService bean with name userDetailsService
2025-05-31 14:56:04,327 INFO H2 console available at '/h2-console'. Database available at 'jdbc:h2:mem:social-network'
2025-05-31 14:56:04,495 INFO Tomcat started on port 8080 (http) with context path '/'
2025-05-31 14:56:04,508 INFO Started GateApplication in 9.229 seconds (process running for 11.406)
2025-05-31 14:56:05,145 INFO Registering new user: name=Alexx, birthYear=1997, location=Dnipro
2025-05-31 14:56:05,181 DEBUG User saved with id=3f330254-73e6-40f4-a2f7-39b43975e8cd
2025-05-31 14:56:05,182 INFO Saving login for userId=3f330254-73e6-40f4-a2f7-39b43975e8cd, login=alexx
2025-05-31 14:56:05,372 DEBUG User login saved successfully for userId=3f330254-73e6-40f4-a2f7-39b43975e8cd
2025-05-31 14:56:05,372 INFO Login credentials saved for userId=3f330254-73e6-40f4-a2f7-39b43975e8cd
2025-05-31 14:56:05,442 INFO Saving new photo for userId=3f330254-73e6-40f4-a2f7-39b43975e8cd, size=71 Kb
2025-05-31 14:56:05,449 INFO Registering new user: name=Bill, birthYear=2000, location=NY
2025-05-31 14:56:05,450 DEBUG User saved with id=593878a3-fc4a-46b2-8fe4-e19a703515d4
2025-05-31 14:56:05,450 INFO Saving login for userId=593878a3-fc4a-46b2-8fe4-e19a703515d4, login=bill
2025-05-31 14:56:05,623 DEBUG User login saved successfully for userId=593878a3-fc4a-46b2-8fe4-e19a703515d4
2025-05-31 14:56:05,624 INFO Login credentials saved for userId=593878a3-fc4a-46b2-8fe4-e19a703515d4
2025-05-31 14:56:05,640 INFO Saving new photo for userId=593878a3-fc4a-46b2-8fe4-e19a703515d4, size=168 Kb
2025-05-31 14:56:05,648 INFO Registering new user: name=Dave, birthYear=2005, location=LA
2025-05-31 14:56:05,649 DEBUG User saved with id=646a3f5d-fea2-4e9e-9232-94917dbafc0d
2025-05-31 14:56:05,649 INFO Saving login for userId=646a3f5d-fea2-4e9e-9232-94917dbafc0d, login=dave
2025-05-31 14:56:05,805 DEBUG User login saved successfully for userId=646a3f5d-fea2-4e9e-9232-94917dbafc0d
2025-05-31 14:56:05,806 INFO Login credentials saved for userId=646a3f5d-fea2-4e9e-9232-94917dbafc0d
2025-05-31 14:56:05,813 INFO Saving new photo for userId=646a3f5d-fea2-4e9e-9232-94917dbafc0d, size=31 Kb
2025-05-31 14:56:05,817 INFO Registering new user: name=Petya, birthYear=1998, location=Dnipro
2025-05-31 14:56:05,818 DEBUG User saved with id=d9b42eb2-e1a1-498a-b667-ff7162b1fe98
2025-05-31 14:56:05,819 INFO Saving login for userId=d9b42eb2-e1a1-498a-b667-ff7162b1fe98, login=petya
2025-05-31 14:56:05,991 DEBUG User login saved successfully for userId=d9b42eb2-e1a1-498a-b667-ff7162b1fe98
2025-05-31 14:56:05,991 INFO Login credentials saved for userId=d9b42eb2-e1a1-498a-b667-ff7162b1fe98
2025-05-31 14:56:25,343 INFO Initializing Servlet 'dispatcherServlet'
2025-05-31 14:56:25,345 INFO Completed initialization in 2 ms
2025-05-31 14:56:25,423 INFO Login page requested from IP=0:0:0:0:0:0:0:1
2025-05-31 14:56:32,253 INFO User 3f330254-73e6-40f4-a2f7-39b43975e8cd accessed main page
2025-05-31 14:56:32,254 INFO Fetching profile for userId=3f330254-73e6-40f4-a2f7-39b43975e8cd
2025-05-31 14:56:32,266 DEBUG Searching for photo by userId=3f330254-73e6-40f4-a2f7-39b43975e8cd
2025-05-31 14:56:32,274 INFO Photo found for userId=3f330254-73e6-40f4-a2f7-39b43975e8cd, size=71 Kb
2025-05-31 14:56:32,278 DEBUG Profile retrieved for userId=3f330254-73e6-40f4-a2f7-39b43975e8cd, hasPhoto=true
2025-05-31 14:56:32,279 DEBUG Session does not contain match list for user 3f330254-73e6-40f4-a2f7-39b43975e8cd. Generating matches...
2025-05-31 14:56:32,279 INFO Getting sorted user matches for userId=3f330254-73e6-40f4-a2f7-39b43975e8cd
2025-05-31 14:56:32,279 DEBUG Finding all rejected users for userId=3f330254-73e6-40f4-a2f7-39b43975e8cd
2025-05-31 14:56:32,283 INFO Found 0 rejected user(s) for userId=3f330254-73e6-40f4-a2f7-39b43975e8cd
2025-05-31 14:56:32,283 DEBUG 0 rejected users for userId=3f330254-73e6-40f4-a2f7-39b43975e8cd
2025-05-31 14:56:32,283 DEBUG Finding all new message records for userId=3f330254-73e6-40f4-a2f7-39b43975e8cd
2025-05-31 14:56:32,286 INFO Found 0 new message record(s) for userId=3f330254-73e6-40f4-a2f7-39b43975e8cd
2025-05-31 14:56:32,287 DEBUG 0 users with new messages for userId=3f330254-73e6-40f4-a2f7-39b43975e8cd
2025-05-31 14:56:32,354 INFO Matched users (sorted, with no rejects) found: 3
2025-05-31 14:56:32,355 INFO Generated 3 total matches (0 with new messages) for user 3f330254-73e6-40f4-a2f7-39b43975e8cd
2025-05-31 14:56:32,358 INFO Generating matched user DTOs for userId=3f330254-73e6-40f4-a2f7-39b43975e8cd and 2 matched IDs
2025-05-31 14:56:32,374 DEBUG Searching for photo by userId=593878a3-fc4a-46b2-8fe4-e19a703515d4
2025-05-31 14:56:32,377 INFO Photo found for userId=593878a3-fc4a-46b2-8fe4-e19a703515d4, size=168 Kb
2025-05-31 14:56:32,394 DEBUG For userId=3f330254-73e6-40f4-a2f7-39b43975e8cd and matchedUserId=593878a3-fc4a-46b2-8fe4-e19a703515d4, commonInterests=3, otherInterests=3
2025-05-31 14:56:32,394 DEBUG Searching for photo by userId=d9b42eb2-e1a1-498a-b667-ff7162b1fe98
2025-05-31 14:56:32,396 WARN No photo found for userId=d9b42eb2-e1a1-498a-b667-ff7162b1fe98
2025-05-31 14:56:32,398 DEBUG For userId=3f330254-73e6-40f4-a2f7-39b43975e8cd and matchedUserId=d9b42eb2-e1a1-498a-b667-ff7162b1fe98, commonInterests=2, otherInterests=4
2025-05-31 14:56:32,398 DEBUG Loaded 2 user cards for user 3f330254-73e6-40f4-a2f7-39b43975e8cd
2025-05-31 14:57:07,124 INFO Login page requested from IP=0:0:0:0:0:0:0:1
2025-05-31 14:57:24,332 INFO Commencing graceful shutdown. Waiting for active requests to complete
2025-05-31 14:57:24,341 INFO Graceful shutdown complete
2025-05-31 14:57:24,350 INFO Closing JPA EntityManagerFactory for persistence unit 'default'
2025-05-31 20:16:24,765 INFO Starting GateApplication using Java 23.0.2 with PID 9704 (D:\alexx\projects\social-network\gate\target\classes started by user in D:\alexx\projects\social-network\gate)
2025-05-31 20:16:24,766 DEBUG Running with Spring Boot v3.4.4, Spring v6.2.5
2025-05-31 20:16:24,768 INFO No active profile set, falling back to 1 default profile: "h2"
2025-05-31 20:16:26,517 INFO Bootstrapping Spring Data JPA repositories in DEFAULT mode.
2025-05-31 20:16:26,723 INFO Finished Spring Data repository scanning in 184 ms. Found 6 JPA repository interfaces.
2025-05-31 20:16:28,148 INFO Tomcat initialized with port 8080 (http)
2025-05-31 20:16:28,271 INFO Root WebApplicationContext: initialization completed in 3369 ms
2025-05-31 20:16:29,211 INFO No LoadTimeWeaver setup: ignoring JPA class transformer
2025-05-31 20:16:31,753 INFO Initialized JPA EntityManagerFactory for persistence unit 'default'
2025-05-31 20:16:32,185 INFO Hibernate is in classpath; If applicable, HQL parser will be used.
2025-05-31 20:16:32,636 INFO Global AuthenticationManager configured with UserDetailsService bean with name userDetailsService
2025-05-31 20:16:33,351 INFO H2 console available at '/h2-console'. Database available at 'jdbc:h2:mem:social-network'
2025-05-31 20:16:33,529 INFO Tomcat started on port 8080 (http) with context path '/'
2025-05-31 20:16:33,545 INFO Started GateApplication in 9.775 seconds (process running for 12.502)
2025-05-31 20:16:34,201 INFO Registering new user: name=Alexx, birthYear=1997, location=Dnipro
2025-05-31 20:16:34,239 DEBUG User saved with id=d57fc41b-8635-4a52-9833-77b8d663ed91
2025-05-31 20:16:34,239 INFO Saving login for userId=d57fc41b-8635-4a52-9833-77b8d663ed91, login=alexx
2025-05-31 20:16:34,429 DEBUG User login saved successfully for userId=d57fc41b-8635-4a52-9833-77b8d663ed91
2025-05-31 20:16:34,429 INFO Login credentials saved for userId=d57fc41b-8635-4a52-9833-77b8d663ed91
2025-05-31 20:16:34,487 INFO Saving new photo for userId=d57fc41b-8635-4a52-9833-77b8d663ed91, size=71 Kb
2025-05-31 20:16:34,493 INFO Registering new user: name=Bill, birthYear=2000, location=NY
2025-05-31 20:16:34,494 DEBUG User saved with id=e62b0b3c-79d6-4b4e-8463-986eff3a5722
2025-05-31 20:16:34,494 INFO Saving login for userId=e62b0b3c-79d6-4b4e-8463-986eff3a5722, login=bill
2025-05-31 20:16:34,640 DEBUG User login saved successfully for userId=e62b0b3c-79d6-4b4e-8463-986eff3a5722
2025-05-31 20:16:34,640 INFO Login credentials saved for userId=e62b0b3c-79d6-4b4e-8463-986eff3a5722
2025-05-31 20:16:34,649 INFO Saving new photo for userId=e62b0b3c-79d6-4b4e-8463-986eff3a5722, size=168 Kb
2025-05-31 20:16:34,654 INFO Registering new user: name=Dave, birthYear=2005, location=LA
2025-05-31 20:16:34,655 DEBUG User saved with id=105ea44e-695e-4756-b218-6156174d51f2
2025-05-31 20:16:34,656 INFO Saving login for userId=105ea44e-695e-4756-b218-6156174d51f2, login=dave
2025-05-31 20:16:34,806 DEBUG User login saved successfully for userId=105ea44e-695e-4756-b218-6156174d51f2
2025-05-31 20:16:34,806 INFO Login credentials saved for userId=105ea44e-695e-4756-b218-6156174d51f2
2025-05-31 20:16:34,813 INFO Saving new photo for userId=105ea44e-695e-4756-b218-6156174d51f2, size=31 Kb
2025-05-31 20:16:34,817 INFO Registering new user: name=Petya, birthYear=1998, location=Dnipro
2025-05-31 20:16:34,818 DEBUG User saved with id=d01bab69-5c42-4526-b467-3fcbc62b421d
2025-05-31 20:16:34,818 INFO Saving login for userId=d01bab69-5c42-4526-b467-3fcbc62b421d, login=petya
2025-05-31 20:16:34,982 DEBUG User login saved successfully for userId=d01bab69-5c42-4526-b467-3fcbc62b421d
2025-05-31 20:16:34,982 INFO Login credentials saved for userId=d01bab69-5c42-4526-b467-3fcbc62b421d
2025-05-31 20:16:40,138 INFO Initializing Servlet 'dispatcherServlet'
2025-05-31 20:16:40,140 INFO Completed initialization in 2 ms
2025-05-31 20:16:40,250 INFO Login page requested from IP=0:0:0:0:0:0:0:1
2025-05-31 20:16:49,315 INFO User d57fc41b-8635-4a52-9833-77b8d663ed91 accessed main page
2025-05-31 20:16:49,315 INFO Fetching profile for userId=d57fc41b-8635-4a52-9833-77b8d663ed91
2025-05-31 20:16:49,326 DEBUG Searching for photo by userId=d57fc41b-8635-4a52-9833-77b8d663ed91
2025-05-31 20:16:49,333 INFO Photo found for userId=d57fc41b-8635-4a52-9833-77b8d663ed91, size=71 Kb
2025-05-31 20:16:49,337 DEBUG Profile retrieved for userId=d57fc41b-8635-4a52-9833-77b8d663ed91, hasPhoto=true
2025-05-31 20:16:49,338 DEBUG Session does not contain match list for user d57fc41b-8635-4a52-9833-77b8d663ed91. Generating matches...
2025-05-31 20:16:49,339 INFO Getting sorted user matches for userId=d57fc41b-8635-4a52-9833-77b8d663ed91
2025-05-31 20:16:49,339 DEBUG Finding all rejected users for userId=d57fc41b-8635-4a52-9833-77b8d663ed91
2025-05-31 20:16:49,344 INFO Found 0 rejected user(s) for userId=d57fc41b-8635-4a52-9833-77b8d663ed91
2025-05-31 20:16:49,344 DEBUG 0 rejected users for userId=d57fc41b-8635-4a52-9833-77b8d663ed91
2025-05-31 20:16:49,344 DEBUG Finding all new message records for userId=d57fc41b-8635-4a52-9833-77b8d663ed91
2025-05-31 20:16:49,347 INFO Found 0 new message record(s) for userId=d57fc41b-8635-4a52-9833-77b8d663ed91
2025-05-31 20:16:49,348 DEBUG 0 users with new messages for userId=d57fc41b-8635-4a52-9833-77b8d663ed91
2025-05-31 20:16:49,429 INFO Matched users (sorted, with no rejects) found: 3
2025-05-31 20:16:49,430 INFO Generated 3 total matches (0 with new messages) for user d57fc41b-8635-4a52-9833-77b8d663ed91
2025-05-31 20:16:49,432 INFO Generating matched user DTOs for userId=d57fc41b-8635-4a52-9833-77b8d663ed91 and 2 matched IDs
2025-05-31 20:16:49,450 DEBUG Searching for photo by userId=e62b0b3c-79d6-4b4e-8463-986eff3a5722
2025-05-31 20:16:49,453 INFO Photo found for userId=e62b0b3c-79d6-4b4e-8463-986eff3a5722, size=168 Kb
2025-05-31 20:16:49,476 DEBUG For userId=d57fc41b-8635-4a52-9833-77b8d663ed91 and matchedUserId=e62b0b3c-79d6-4b4e-8463-986eff3a5722, commonInterests=3, otherInterests=3
2025-05-31 20:16:49,476 DEBUG Searching for photo by userId=d01bab69-5c42-4526-b467-3fcbc62b421d
2025-05-31 20:16:49,479 WARN No photo found for userId=d01bab69-5c42-4526-b467-3fcbc62b421d
2025-05-31 20:16:49,481 DEBUG For userId=d57fc41b-8635-4a52-9833-77b8d663ed91 and matchedUserId=d01bab69-5c42-4526-b467-3fcbc62b421d, commonInterests=2, otherInterests=4
2025-05-31 20:16:49,481 DEBUG Loaded 2 user cards for user d57fc41b-8635-4a52-9833-77b8d663ed91
2025-05-31 20:16:54,629 INFO User d57fc41b-8635-4a52-9833-77b8d663ed91 opened chat with user e62b0b3c-79d6-4b4e-8463-986eff3a5722
2025-05-31 20:16:54,630 INFO Fetching profile for userId=d57fc41b-8635-4a52-9833-77b8d663ed91
2025-05-31 20:16:54,632 DEBUG Searching for photo by userId=d57fc41b-8635-4a52-9833-77b8d663ed91
2025-05-31 20:16:54,634 INFO Photo found for userId=d57fc41b-8635-4a52-9833-77b8d663ed91, size=71 Kb
2025-05-31 20:16:54,635 DEBUG Profile retrieved for userId=d57fc41b-8635-4a52-9833-77b8d663ed91, hasPhoto=true
2025-05-31 20:16:54,635 INFO Fetching profile for userId=e62b0b3c-79d6-4b4e-8463-986eff3a5722
2025-05-31 20:16:54,637 DEBUG Searching for photo by userId=e62b0b3c-79d6-4b4e-8463-986eff3a5722
2025-05-31 20:16:54,641 INFO Photo found for userId=e62b0b3c-79d6-4b4e-8463-986eff3a5722, size=168 Kb
2025-05-31 20:16:54,642 DEBUG Profile retrieved for userId=e62b0b3c-79d6-4b4e-8463-986eff3a5722, hasPhoto=true
2025-05-31 20:16:54,643 DEBUG getChat called with userA=d57fc41b-8635-4a52-9833-77b8d663ed91, userB=e62b0b3c-79d6-4b4e-8463-986eff3a5722
2025-05-31 20:16:54,648 INFO No existing chat found between d57fc41b-8635-4a52-9833-77b8d663ed91 and e62b0b3c-79d6-4b4e-8463-986eff3a5722. Creating new chat.
2025-05-31 20:16:54,653 INFO New chat created with id=edf9de03-10c6-432f-b7ff-34d7c33b3b9f between d57fc41b-8635-4a52-9833-77b8d663ed91 and e62b0b3c-79d6-4b4e-8463-986eff3a5722
2025-05-31 20:16:54,653 DEBUG Loaded 0 messages in chat edf9de03-10c6-432f-b7ff-34d7c33b3b9f between d57fc41b-8635-4a52-9833-77b8d663ed91 and e62b0b3c-79d6-4b4e-8463-986eff3a5722
2025-05-31 20:16:54,654 INFO Deleting new message record: userId=d57fc41b-8635-4a52-9833-77b8d663ed91, whoSent=e62b0b3c-79d6-4b4e-8463-986eff3a5722
2025-05-31 20:16:54,660 DEBUG New message record deleted successfully: userId=d57fc41b-8635-4a52-9833-77b8d663ed91, whoSent=e62b0b3c-79d6-4b4e-8463-986eff3a5722
2025-05-31 20:16:54,661 INFO Marked messages as read from e62b0b3c-79d6-4b4e-8463-986eff3a5722 to d57fc41b-8635-4a52-9833-77b8d663ed91
2025-05-31 20:17:01,763 DEBUG sendMessage called: chatId=edf9de03-10c6-432f-b7ff-34d7c33b3b9f, senderId=d57fc41b-8635-4a52-9833-77b8d663ed91, receiverId=e62b0b3c-79d6-4b4e-8463-986eff3a5722
2025-05-31 20:17:01,768 DEBUG Appending new message to chat. Chat id: edf9de03-10c6-432f-b7ff-34d7c33b3b9f
2025-05-31 20:17:01,781 INFO Message from d57fc41b-8635-4a52-9833-77b8d663ed91 to e62b0b3c-79d6-4b4e-8463-986eff3a5722 saved in chat edf9de03-10c6-432f-b7ff-34d7c33b3b9f
2025-05-31 20:17:01,782 DEBUG Checking if new message record from d57fc41b-8635-4a52-9833-77b8d663ed91 to e62b0b3c-79d6-4b4e-8463-986eff3a5722 already exists
2025-05-31 20:17:01,793 INFO Saving new message notification: to userId=e62b0b3c-79d6-4b4e-8463-986eff3a5722, from=d57fc41b-8635-4a52-9833-77b8d663ed91
2025-05-31 20:17:01,795 INFO New message notification saved for user e62b0b3c-79d6-4b4e-8463-986eff3a5722 from d57fc41b-8635-4a52-9833-77b8d663ed91
2025-05-31 20:17:01,820 INFO User d57fc41b-8635-4a52-9833-77b8d663ed91 sending message to e62b0b3c-79d6-4b4e-8463-986eff3a5722 in chat edf9de03-10c6-432f-b7ff-34d7c33b3b9f
2025-05-31 20:17:01,832 INFO User d57fc41b-8635-4a52-9833-77b8d663ed91 opened chat with user e62b0b3c-79d6-4b4e-8463-986eff3a5722
2025-05-31 20:17:01,833 INFO Fetching profile for userId=d57fc41b-8635-4a52-9833-77b8d663ed91
2025-05-31 20:17:01,835 DEBUG Searching for photo by userId=d57fc41b-8635-4a52-9833-77b8d663ed91
2025-05-31 20:17:01,838 INFO Photo found for userId=d57fc41b-8635-4a52-9833-77b8d663ed91, size=71 Kb
2025-05-31 20:17:01,839 DEBUG Profile retrieved for userId=d57fc41b-8635-4a52-9833-77b8d663ed91, hasPhoto=true
2025-05-31 20:17:01,839 INFO Fetching profile for userId=e62b0b3c-79d6-4b4e-8463-986eff3a5722
2025-05-31 20:17:01,841 DEBUG Searching for photo by userId=e62b0b3c-79d6-4b4e-8463-986eff3a5722
2025-05-31 20:17:01,844 INFO Photo found for userId=e62b0b3c-79d6-4b4e-8463-986eff3a5722, size=168 Kb
2025-05-31 20:17:01,844 DEBUG Profile retrieved for userId=e62b0b3c-79d6-4b4e-8463-986eff3a5722, hasPhoto=true
2025-05-31 20:17:01,845 DEBUG getChat called with userA=d57fc41b-8635-4a52-9833-77b8d663ed91, userB=e62b0b3c-79d6-4b4e-8463-986eff3a5722
2025-05-31 20:17:01,850 DEBUG Loaded 1 messages in chat edf9de03-10c6-432f-b7ff-34d7c33b3b9f between d57fc41b-8635-4a52-9833-77b8d663ed91 and e62b0b3c-79d6-4b4e-8463-986eff3a5722
2025-05-31 20:17:01,850 INFO Deleting new message record: userId=d57fc41b-8635-4a52-9833-77b8d663ed91, whoSent=e62b0b3c-79d6-4b4e-8463-986eff3a5722
2025-05-31 20:17:01,855 DEBUG New message record deleted successfully: userId=d57fc41b-8635-4a52-9833-77b8d663ed91, whoSent=e62b0b3c-79d6-4b4e-8463-986eff3a5722
2025-05-31 20:17:01,857 INFO Marked messages as read from e62b0b3c-79d6-4b4e-8463-986eff3a5722 to d57fc41b-8635-4a52-9833-77b8d663ed91
2025-05-31 20:17:13,375 INFO Login page requested from IP=0:0:0:0:0:0:0:1
2025-05-31 20:17:23,411 INFO User e62b0b3c-79d6-4b4e-8463-986eff3a5722 accessed main page
2025-05-31 20:17:23,411 INFO Fetching profile for userId=e62b0b3c-79d6-4b4e-8463-986eff3a5722
2025-05-31 20:17:23,413 DEBUG Searching for photo by userId=e62b0b3c-79d6-4b4e-8463-986eff3a5722
2025-05-31 20:17:23,417 INFO Photo found for userId=e62b0b3c-79d6-4b4e-8463-986eff3a5722, size=168 Kb
2025-05-31 20:17:23,418 DEBUG Profile retrieved for userId=e62b0b3c-79d6-4b4e-8463-986eff3a5722, hasPhoto=true
2025-05-31 20:17:23,418 INFO Generating matched user DTOs for userId=e62b0b3c-79d6-4b4e-8463-986eff3a5722 and 2 matched IDs
2025-05-31 20:17:23,422 DEBUG Searching for photo by userId=e62b0b3c-79d6-4b4e-8463-986eff3a5722
2025-05-31 20:17:23,424 INFO Photo found for userId=e62b0b3c-79d6-4b4e-8463-986eff3a5722, size=168 Kb
2025-05-31 20:17:23,426 DEBUG For userId=e62b0b3c-79d6-4b4e-8463-986eff3a5722 and matchedUserId=e62b0b3c-79d6-4b4e-8463-986eff3a5722, commonInterests=6, otherInterests=0
2025-05-31 20:17:23,426 DEBUG Searching for photo by userId=d01bab69-5c42-4526-b467-3fcbc62b421d
2025-05-31 20:17:23,428 WARN No photo found for userId=d01bab69-5c42-4526-b467-3fcbc62b421d
2025-05-31 20:17:23,429 DEBUG For userId=e62b0b3c-79d6-4b4e-8463-986eff3a5722 and matchedUserId=d01bab69-5c42-4526-b467-3fcbc62b421d, commonInterests=4, otherInterests=2
2025-05-31 20:17:23,429 DEBUG Loaded 2 user cards for user e62b0b3c-79d6-4b4e-8463-986eff3a5722
2025-05-31 20:17:33,638 INFO Login page requested from IP=0:0:0:0:0:0:0:1
2025-05-31 20:17:42,785 INFO User e62b0b3c-79d6-4b4e-8463-986eff3a5722 accessed main page
2025-05-31 20:17:42,786 INFO Fetching profile for userId=e62b0b3c-79d6-4b4e-8463-986eff3a5722
2025-05-31 20:17:42,787 DEBUG Searching for photo by userId=e62b0b3c-79d6-4b4e-8463-986eff3a5722
2025-05-31 20:17:42,799 INFO Photo found for userId=e62b0b3c-79d6-4b4e-8463-986eff3a5722, size=168 Kb
2025-05-31 20:17:42,800 DEBUG Profile retrieved for userId=e62b0b3c-79d6-4b4e-8463-986eff3a5722, hasPhoto=true
2025-05-31 20:17:42,800 DEBUG Session does not contain match list for user e62b0b3c-79d6-4b4e-8463-986eff3a5722. Generating matches...
2025-05-31 20:17:42,800 INFO Getting sorted user matches for userId=e62b0b3c-79d6-4b4e-8463-986eff3a5722
2025-05-31 20:17:42,800 DEBUG Finding all rejected users for userId=e62b0b3c-79d6-4b4e-8463-986eff3a5722
2025-05-31 20:17:42,803 INFO Found 0 rejected user(s) for userId=e62b0b3c-79d6-4b4e-8463-986eff3a5722
2025-05-31 20:17:42,803 DEBUG 0 rejected users for userId=e62b0b3c-79d6-4b4e-8463-986eff3a5722
2025-05-31 20:17:42,803 DEBUG Finding all new message records for userId=e62b0b3c-79d6-4b4e-8463-986eff3a5722
2025-05-31 20:17:42,806 INFO Found 1 new message record(s) for userId=e62b0b3c-79d6-4b4e-8463-986eff3a5722
2025-05-31 20:17:42,807 DEBUG 1 users with new messages for userId=e62b0b3c-79d6-4b4e-8463-986eff3a5722
2025-05-31 20:17:42,813 INFO Matched users (sorted, with no rejects) found: 3
2025-05-31 20:17:42,813 INFO Generated 3 total matches (1 with new messages) for user e62b0b3c-79d6-4b4e-8463-986eff3a5722
2025-05-31 20:17:42,813 INFO Generating matched user DTOs for userId=e62b0b3c-79d6-4b4e-8463-986eff3a5722 and 2 matched IDs
2025-05-31 20:17:42,818 DEBUG Searching for photo by userId=d57fc41b-8635-4a52-9833-77b8d663ed91
2025-05-31 20:17:42,821 INFO Photo found for userId=d57fc41b-8635-4a52-9833-77b8d663ed91, size=71 Kb
2025-05-31 20:17:42,824 DEBUG For userId=e62b0b3c-79d6-4b4e-8463-986eff3a5722 and matchedUserId=d57fc41b-8635-4a52-9833-77b8d663ed91, commonInterests=3, otherInterests=0
2025-05-31 20:17:42,824 DEBUG Searching for photo by userId=d01bab69-5c42-4526-b467-3fcbc62b421d
2025-05-31 20:17:42,826 WARN No photo found for userId=d01bab69-5c42-4526-b467-3fcbc62b421d
2025-05-31 20:17:42,828 DEBUG For userId=e62b0b3c-79d6-4b4e-8463-986eff3a5722 and matchedUserId=d01bab69-5c42-4526-b467-3fcbc62b421d, commonInterests=4, otherInterests=2
2025-05-31 20:17:42,829 DEBUG Loaded 2 user cards for user e62b0b3c-79d6-4b4e-8463-986eff3a5722
2025-05-31 20:17:46,925 DEBUG User e62b0b3c-79d6-4b4e-8463-986eff3a5722 is loading more matches from offset 2 (1 items)
2025-05-31 20:17:46,925 INFO Generating matched user DTOs for userId=e62b0b3c-79d6-4b4e-8463-986eff3a5722 and 1 matched IDs
2025-05-31 20:17:46,934 DEBUG Searching for photo by userId=105ea44e-695e-4756-b218-6156174d51f2
2025-05-31 20:17:46,937 INFO Photo found for userId=105ea44e-695e-4756-b218-6156174d51f2, size=31 Kb
2025-05-31 20:17:46,940 DEBUG For userId=e62b0b3c-79d6-4b4e-8463-986eff3a5722 and matchedUserId=105ea44e-695e-4756-b218-6156174d51f2, commonInterests=1, otherInterests=4
2025-05-31 20:17:49,195 DEBUG User e62b0b3c-79d6-4b4e-8463-986eff3a5722 is loading more matches from offset 3 (0 items)
2025-05-31 20:17:49,195 INFO Generating matched user DTOs for userId=e62b0b3c-79d6-4b4e-8463-986eff3a5722 and 0 matched IDs
2025-05-31 20:18:05,136 INFO User e62b0b3c-79d6-4b4e-8463-986eff3a5722 opened chat with user d57fc41b-8635-4a52-9833-77b8d663ed91
2025-05-31 20:18:05,136 DEBUG Removed user d57fc41b-8635-4a52-9833-77b8d663ed91 from newMsg list for user e62b0b3c-79d6-4b4e-8463-986eff3a5722
2025-05-31 20:18:05,136 INFO Fetching profile for userId=e62b0b3c-79d6-4b4e-8463-986eff3a5722
2025-05-31 20:18:05,141 DEBUG Searching for photo by userId=e62b0b3c-79d6-4b4e-8463-986eff3a5722
2025-05-31 20:18:05,147 INFO Photo found for userId=e62b0b3c-79d6-4b4e-8463-986eff3a5722, size=168 Kb
2025-05-31 20:18:05,148 DEBUG Profile retrieved for userId=e62b0b3c-79d6-4b4e-8463-986eff3a5722, hasPhoto=true
2025-05-31 20:18:05,148 INFO Fetching profile for userId=d57fc41b-8635-4a52-9833-77b8d663ed91
2025-05-31 20:18:05,151 DEBUG Searching for photo by userId=d57fc41b-8635-4a52-9833-77b8d663ed91
2025-05-31 20:18:05,154 INFO Photo found for userId=d57fc41b-8635-4a52-9833-77b8d663ed91, size=71 Kb
2025-05-31 20:18:05,156 DEBUG Profile retrieved for userId=d57fc41b-8635-4a52-9833-77b8d663ed91, hasPhoto=true
2025-05-31 20:18:05,157 DEBUG getChat called with userA=e62b0b3c-79d6-4b4e-8463-986eff3a5722, userB=d57fc41b-8635-4a52-9833-77b8d663ed91
2025-05-31 20:18:05,162 DEBUG Loaded 1 messages in chat edf9de03-10c6-432f-b7ff-34d7c33b3b9f between e62b0b3c-79d6-4b4e-8463-986eff3a5722 and d57fc41b-8635-4a52-9833-77b8d663ed91
2025-05-31 20:18:05,163 INFO Deleting new message record: userId=e62b0b3c-79d6-4b4e-8463-986eff3a5722, whoSent=d57fc41b-8635-4a52-9833-77b8d663ed91
2025-05-31 20:18:05,175 DEBUG New message record deleted successfully: userId=e62b0b3c-79d6-4b4e-8463-986eff3a5722, whoSent=d57fc41b-8635-4a52-9833-77b8d663ed91
2025-05-31 20:18:05,183 INFO Marked messages as read from d57fc41b-8635-4a52-9833-77b8d663ed91 to e62b0b3c-79d6-4b4e-8463-986eff3a5722
2025-05-31 20:18:08,832 DEBUG sendMessage called: chatId=edf9de03-10c6-432f-b7ff-34d7c33b3b9f, senderId=e62b0b3c-79d6-4b4e-8463-986eff3a5722, receiverId=d57fc41b-8635-4a52-9833-77b8d663ed91
2025-05-31 20:18:08,835 DEBUG Appending new message to chat. Chat id: edf9de03-10c6-432f-b7ff-34d7c33b3b9f
2025-05-31 20:18:08,840 INFO Message from e62b0b3c-79d6-4b4e-8463-986eff3a5722 to d57fc41b-8635-4a52-9833-77b8d663ed91 saved in chat edf9de03-10c6-432f-b7ff-34d7c33b3b9f
2025-05-31 20:18:08,840 DEBUG Checking if new message record from e62b0b3c-79d6-4b4e-8463-986eff3a5722 to d57fc41b-8635-4a52-9833-77b8d663ed91 already exists
2025-05-31 20:18:08,847 INFO Saving new message notification: to userId=d57fc41b-8635-4a52-9833-77b8d663ed91, from=e62b0b3c-79d6-4b4e-8463-986eff3a5722
2025-05-31 20:18:08,848 INFO New message notification saved for user d57fc41b-8635-4a52-9833-77b8d663ed91 from e62b0b3c-79d6-4b4e-8463-986eff3a5722
2025-05-31 20:18:08,851 INFO User e62b0b3c-79d6-4b4e-8463-986eff3a5722 sending message to d57fc41b-8635-4a52-9833-77b8d663ed91 in chat edf9de03-10c6-432f-b7ff-34d7c33b3b9f
2025-05-31 20:18:08,862 INFO User e62b0b3c-79d6-4b4e-8463-986eff3a5722 opened chat with user d57fc41b-8635-4a52-9833-77b8d663ed91
2025-05-31 20:18:08,862 INFO Fetching profile for userId=e62b0b3c-79d6-4b4e-8463-986eff3a5722
2025-05-31 20:18:08,864 DEBUG Searching for photo by userId=e62b0b3c-79d6-4b4e-8463-986eff3a5722
2025-05-31 20:18:08,867 INFO Photo found for userId=e62b0b3c-79d6-4b4e-8463-986eff3a5722, size=168 Kb
2025-05-31 20:18:08,868 DEBUG Profile retrieved for userId=e62b0b3c-79d6-4b4e-8463-986eff3a5722, hasPhoto=true
2025-05-31 20:18:08,868 INFO Fetching profile for userId=d57fc41b-8635-4a52-9833-77b8d663ed91
2025-05-31 20:18:08,870 DEBUG Searching for photo by userId=d57fc41b-8635-4a52-9833-77b8d663ed91
2025-05-31 20:18:08,874 INFO Photo found for userId=d57fc41b-8635-4a52-9833-77b8d663ed91, size=71 Kb
2025-05-31 20:18:08,874 DEBUG Profile retrieved for userId=d57fc41b-8635-4a52-9833-77b8d663ed91, hasPhoto=true
2025-05-31 20:18:08,874 DEBUG getChat called with userA=e62b0b3c-79d6-4b4e-8463-986eff3a5722, userB=d57fc41b-8635-4a52-9833-77b8d663ed91
2025-05-31 20:18:08,879 DEBUG Loaded 2 messages in chat edf9de03-10c6-432f-b7ff-34d7c33b3b9f between e62b0b3c-79d6-4b4e-8463-986eff3a5722 and d57fc41b-8635-4a52-9833-77b8d663ed91
2025-05-31 20:18:08,880 INFO Deleting new message record: userId=e62b0b3c-79d6-4b4e-8463-986eff3a5722, whoSent=d57fc41b-8635-4a52-9833-77b8d663ed91
2025-05-31 20:18:08,884 DEBUG New message record deleted successfully: userId=e62b0b3c-79d6-4b4e-8463-986eff3a5722, whoSent=d57fc41b-8635-4a52-9833-77b8d663ed91
2025-05-31 20:18:08,885 INFO Marked messages as read from d57fc41b-8635-4a52-9833-77b8d663ed91 to e62b0b3c-79d6-4b4e-8463-986eff3a5722
2025-05-31 20:18:15,047 INFO User e62b0b3c-79d6-4b4e-8463-986eff3a5722 accessed main page
2025-05-31 20:18:15,048 INFO Fetching profile for userId=e62b0b3c-79d6-4b4e-8463-986eff3a5722
2025-05-31 20:18:15,050 DEBUG Searching for photo by userId=e62b0b3c-79d6-4b4e-8463-986eff3a5722
2025-05-31 20:18:15,054 INFO Photo found for userId=e62b0b3c-79d6-4b4e-8463-986eff3a5722, size=168 Kb
2025-05-31 20:18:15,056 DEBUG Profile retrieved for userId=e62b0b3c-79d6-4b4e-8463-986eff3a5722, hasPhoto=true
2025-05-31 20:18:15,056 INFO Generating matched user DTOs for userId=e62b0b3c-79d6-4b4e-8463-986eff3a5722 and 2 matched IDs
2025-05-31 20:18:15,065 DEBUG Searching for photo by userId=e62b0b3c-79d6-4b4e-8463-986eff3a5722
2025-05-31 20:18:15,069 INFO Photo found for userId=e62b0b3c-79d6-4b4e-8463-986eff3a5722, size=168 Kb
2025-05-31 20:18:15,073 DEBUG For userId=e62b0b3c-79d6-4b4e-8463-986eff3a5722 and matchedUserId=e62b0b3c-79d6-4b4e-8463-986eff3a5722, commonInterests=6, otherInterests=0
2025-05-31 20:18:15,073 DEBUG Searching for photo by userId=d01bab69-5c42-4526-b467-3fcbc62b421d
2025-05-31 20:18:15,076 WARN No photo found for userId=d01bab69-5c42-4526-b467-3fcbc62b421d
2025-05-31 20:18:15,078 DEBUG For userId=e62b0b3c-79d6-4b4e-8463-986eff3a5722 and matchedUserId=d01bab69-5c42-4526-b467-3fcbc62b421d, commonInterests=4, otherInterests=2
2025-05-31 20:18:15,078 DEBUG Loaded 2 user cards for user e62b0b3c-79d6-4b4e-8463-986eff3a5722
2025-05-31 20:18:20,849 INFO Match list for userId=e62b0b3c-79d6-4b4e-8463-986eff3a5722 was reset via /main/renew
2025-05-31 20:18:20,859 INFO User e62b0b3c-79d6-4b4e-8463-986eff3a5722 accessed main page
2025-05-31 20:18:20,860 INFO Fetching profile for userId=e62b0b3c-79d6-4b4e-8463-986eff3a5722
2025-05-31 20:18:20,862 DEBUG Searching for photo by userId=e62b0b3c-79d6-4b4e-8463-986eff3a5722
2025-05-31 20:18:20,865 INFO Photo found for userId=e62b0b3c-79d6-4b4e-8463-986eff3a5722, size=168 Kb
2025-05-31 20:18:20,866 DEBUG Profile retrieved for userId=e62b0b3c-79d6-4b4e-8463-986eff3a5722, hasPhoto=true
2025-05-31 20:18:20,866 DEBUG Session does not contain match list for user e62b0b3c-79d6-4b4e-8463-986eff3a5722. Generating matches...
2025-05-31 20:18:20,866 INFO Getting sorted user matches for userId=e62b0b3c-79d6-4b4e-8463-986eff3a5722
2025-05-31 20:18:20,867 DEBUG Finding all rejected users for userId=e62b0b3c-79d6-4b4e-8463-986eff3a5722
2025-05-31 20:18:20,872 INFO Found 0 rejected user(s) for userId=e62b0b3c-79d6-4b4e-8463-986eff3a5722
2025-05-31 20:18:20,872 DEBUG 0 rejected users for userId=e62b0b3c-79d6-4b4e-8463-986eff3a5722
2025-05-31 20:18:20,872 DEBUG Finding all new message records for userId=e62b0b3c-79d6-4b4e-8463-986eff3a5722
2025-05-31 20:18:20,875 INFO Found 0 new message record(s) for userId=e62b0b3c-79d6-4b4e-8463-986eff3a5722
2025-05-31 20:18:20,875 DEBUG 0 users with new messages for userId=e62b0b3c-79d6-4b4e-8463-986eff3a5722
2025-05-31 20:18:20,879 INFO Matched users (sorted, with no rejects) found: 3
2025-05-31 20:18:20,879 INFO Generated 3 total matches (0 with new messages) for user e62b0b3c-79d6-4b4e-8463-986eff3a5722
2025-05-31 20:18:20,879 INFO Generating matched user DTOs for userId=e62b0b3c-79d6-4b4e-8463-986eff3a5722 and 2 matched IDs
2025-05-31 20:18:20,890 DEBUG Searching for photo by userId=d01bab69-5c42-4526-b467-3fcbc62b421d
2025-05-31 20:18:20,892 WARN No photo found for userId=d01bab69-5c42-4526-b467-3fcbc62b421d
2025-05-31 20:18:20,894 DEBUG For userId=e62b0b3c-79d6-4b4e-8463-986eff3a5722 and matchedUserId=d01bab69-5c42-4526-b467-3fcbc62b421d, commonInterests=4, otherInterests=2
2025-05-31 20:18:20,894 DEBUG Searching for photo by userId=d57fc41b-8635-4a52-9833-77b8d663ed91
2025-05-31 20:18:20,897 INFO Photo found for userId=d57fc41b-8635-4a52-9833-77b8d663ed91, size=71 Kb
2025-05-31 20:18:20,898 DEBUG For userId=e62b0b3c-79d6-4b4e-8463-986eff3a5722 and matchedUserId=d57fc41b-8635-4a52-9833-77b8d663ed91, commonInterests=3, otherInterests=0
2025-05-31 20:18:20,899 DEBUG Loaded 2 user cards for user e62b0b3c-79d6-4b4e-8463-986eff3a5722
2025-05-31 20:18:30,936 INFO User e62b0b3c-79d6-4b4e-8463-986eff3a5722 opened chat with user d57fc41b-8635-4a52-9833-77b8d663ed91
2025-05-31 20:18:30,936 INFO Fetching profile for userId=e62b0b3c-79d6-4b4e-8463-986eff3a5722
2025-05-31 20:18:30,938 DEBUG Searching for photo by userId=e62b0b3c-79d6-4b4e-8463-986eff3a5722
2025-05-31 20:18:30,942 INFO Photo found for userId=e62b0b3c-79d6-4b4e-8463-986eff3a5722, size=168 Kb
2025-05-31 20:18:30,944 DEBUG Profile retrieved for userId=e62b0b3c-79d6-4b4e-8463-986eff3a5722, hasPhoto=true
2025-05-31 20:18:30,945 INFO Fetching profile for userId=d57fc41b-8635-4a52-9833-77b8d663ed91
2025-05-31 20:18:30,947 DEBUG Searching for photo by userId=d57fc41b-8635-4a52-9833-77b8d663ed91
2025-05-31 20:18:30,953 INFO Photo found for userId=d57fc41b-8635-4a52-9833-77b8d663ed91, size=71 Kb
2025-05-31 20:18:30,953 DEBUG Profile retrieved for userId=d57fc41b-8635-4a52-9833-77b8d663ed91, hasPhoto=true
2025-05-31 20:18:30,954 DEBUG getChat called with userA=e62b0b3c-79d6-4b4e-8463-986eff3a5722, userB=d57fc41b-8635-4a52-9833-77b8d663ed91
2025-05-31 20:18:30,963 DEBUG Loaded 2 messages in chat edf9de03-10c6-432f-b7ff-34d7c33b3b9f between e62b0b3c-79d6-4b4e-8463-986eff3a5722 and d57fc41b-8635-4a52-9833-77b8d663ed91
2025-05-31 20:18:30,964 INFO Deleting new message record: userId=e62b0b3c-79d6-4b4e-8463-986eff3a5722, whoSent=d57fc41b-8635-4a52-9833-77b8d663ed91
2025-05-31 20:18:30,973 DEBUG New message record deleted successfully: userId=e62b0b3c-79d6-4b4e-8463-986eff3a5722, whoSent=d57fc41b-8635-4a52-9833-77b8d663ed91
2025-05-31 20:18:30,974 INFO Marked messages as read from d57fc41b-8635-4a52-9833-77b8d663ed91 to e62b0b3c-79d6-4b4e-8463-986eff3a5722
2025-05-31 20:18:35,480 INFO User e62b0b3c-79d6-4b4e-8463-986eff3a5722 accessed main page
2025-05-31 20:18:35,480 INFO Fetching profile for userId=e62b0b3c-79d6-4b4e-8463-986eff3a5722
2025-05-31 20:18:35,483 DEBUG Searching for photo by userId=e62b0b3c-79d6-4b4e-8463-986eff3a5722
2025-05-31 20:18:35,495 INFO Photo found for userId=e62b0b3c-79d6-4b4e-8463-986eff3a5722, size=168 Kb
2025-05-31 20:18:35,498 DEBUG Profile retrieved for userId=e62b0b3c-79d6-4b4e-8463-986eff3a5722, hasPhoto=true
2025-05-31 20:18:35,499 INFO Generating matched user DTOs for userId=e62b0b3c-79d6-4b4e-8463-986eff3a5722 and 2 matched IDs
2025-05-31 20:18:35,507 DEBUG Searching for photo by userId=d01bab69-5c42-4526-b467-3fcbc62b421d
2025-05-31 20:18:35,510 WARN No photo found for userId=d01bab69-5c42-4526-b467-3fcbc62b421d
2025-05-31 20:18:35,513 DEBUG For userId=e62b0b3c-79d6-4b4e-8463-986eff3a5722 and matchedUserId=d01bab69-5c42-4526-b467-3fcbc62b421d, commonInterests=4, otherInterests=2
2025-05-31 20:18:35,513 DEBUG Searching for photo by userId=d57fc41b-8635-4a52-9833-77b8d663ed91
2025-05-31 20:18:35,519 INFO Photo found for userId=d57fc41b-8635-4a52-9833-77b8d663ed91, size=71 Kb
2025-05-31 20:18:35,520 DEBUG For userId=e62b0b3c-79d6-4b4e-8463-986eff3a5722 and matchedUserId=d57fc41b-8635-4a52-9833-77b8d663ed91, commonInterests=3, otherInterests=0
2025-05-31 20:18:35,520 DEBUG Loaded 2 user cards for user e62b0b3c-79d6-4b4e-8463-986eff3a5722
2025-05-31 20:18:38,437 INFO Login page requested from IP=0:0:0:0:0:0:0:1
2025-05-31 20:18:43,444 INFO User d57fc41b-8635-4a52-9833-77b8d663ed91 accessed main page
2025-05-31 20:18:43,444 INFO Fetching profile for userId=d57fc41b-8635-4a52-9833-77b8d663ed91
2025-05-31 20:18:43,447 DEBUG Searching for photo by userId=d57fc41b-8635-4a52-9833-77b8d663ed91
2025-05-31 20:18:43,450 INFO Photo found for userId=d57fc41b-8635-4a52-9833-77b8d663ed91, size=71 Kb
2025-05-31 20:18:43,451 DEBUG Profile retrieved for userId=d57fc41b-8635-4a52-9833-77b8d663ed91, hasPhoto=true
2025-05-31 20:18:43,451 DEBUG Session does not contain match list for user d57fc41b-8635-4a52-9833-77b8d663ed91. Generating matches...
2025-05-31 20:18:43,451 INFO Getting sorted user matches for userId=d57fc41b-8635-4a52-9833-77b8d663ed91
2025-05-31 20:18:43,451 DEBUG Finding all rejected users for userId=d57fc41b-8635-4a52-9833-77b8d663ed91
2025-05-31 20:18:43,453 INFO Found 0 rejected user(s) for userId=d57fc41b-8635-4a52-9833-77b8d663ed91
2025-05-31 20:18:43,454 DEBUG 0 rejected users for userId=d57fc41b-8635-4a52-9833-77b8d663ed91
2025-05-31 20:18:43,454 DEBUG Finding all new message records for userId=d57fc41b-8635-4a52-9833-77b8d663ed91
2025-05-31 20:18:43,456 INFO Found 1 new message record(s) for userId=d57fc41b-8635-4a52-9833-77b8d663ed91
2025-05-31 20:18:43,457 DEBUG 1 users with new messages for userId=d57fc41b-8635-4a52-9833-77b8d663ed91
2025-05-31 20:18:43,459 INFO Matched users (sorted, with no rejects) found: 3
2025-05-31 20:18:43,459 INFO Generated 3 total matches (1 with new messages) for user d57fc41b-8635-4a52-9833-77b8d663ed91
2025-05-31 20:18:43,459 INFO Generating matched user DTOs for userId=d57fc41b-8635-4a52-9833-77b8d663ed91 and 2 matched IDs
2025-05-31 20:18:43,466 DEBUG Searching for photo by userId=e62b0b3c-79d6-4b4e-8463-986eff3a5722
2025-05-31 20:18:43,470 INFO Photo found for userId=e62b0b3c-79d6-4b4e-8463-986eff3a5722, size=168 Kb
2025-05-31 20:18:43,473 DEBUG For userId=d57fc41b-8635-4a52-9833-77b8d663ed91 and matchedUserId=e62b0b3c-79d6-4b4e-8463-986eff3a5722, commonInterests=3, otherInterests=3
2025-05-31 20:18:43,473 DEBUG Searching for photo by userId=d01bab69-5c42-4526-b467-3fcbc62b421d
2025-05-31 20:18:43,475 WARN No photo found for userId=d01bab69-5c42-4526-b467-3fcbc62b421d
2025-05-31 20:18:43,476 DEBUG For userId=d57fc41b-8635-4a52-9833-77b8d663ed91 and matchedUserId=d01bab69-5c42-4526-b467-3fcbc62b421d, commonInterests=2, otherInterests=4
2025-05-31 20:18:43,476 DEBUG Loaded 2 user cards for user d57fc41b-8635-4a52-9833-77b8d663ed91
2025-05-31 20:18:47,592 INFO User d57fc41b-8635-4a52-9833-77b8d663ed91 opened chat with user e62b0b3c-79d6-4b4e-8463-986eff3a5722
2025-05-31 20:18:47,592 DEBUG Removed user e62b0b3c-79d6-4b4e-8463-986eff3a5722 from newMsg list for user d57fc41b-8635-4a52-9833-77b8d663ed91
2025-05-31 20:18:47,592 INFO Fetching profile for userId=d57fc41b-8635-4a52-9833-77b8d663ed91
2025-05-31 20:18:47,594 DEBUG Searching for photo by userId=d57fc41b-8635-4a52-9833-77b8d663ed91
2025-05-31 20:18:47,597 INFO Photo found for userId=d57fc41b-8635-4a52-9833-77b8d663ed91, size=71 Kb
2025-05-31 20:18:47,601 DEBUG Profile retrieved for userId=d57fc41b-8635-4a52-9833-77b8d663ed91, hasPhoto=true
2025-05-31 20:18:47,602 INFO Fetching profile for userId=e62b0b3c-79d6-4b4e-8463-986eff3a5722
2025-05-31 20:18:47,604 DEBUG Searching for photo by userId=e62b0b3c-79d6-4b4e-8463-986eff3a5722
2025-05-31 20:18:47,609 INFO Photo found for userId=e62b0b3c-79d6-4b4e-8463-986eff3a5722, size=168 Kb
2025-05-31 20:18:47,611 DEBUG Profile retrieved for userId=e62b0b3c-79d6-4b4e-8463-986eff3a5722, hasPhoto=true
2025-05-31 20:18:47,612 DEBUG getChat called with userA=d57fc41b-8635-4a52-9833-77b8d663ed91, userB=e62b0b3c-79d6-4b4e-8463-986eff3a5722
2025-05-31 20:18:47,620 DEBUG Loaded 2 messages in chat edf9de03-10c6-432f-b7ff-34d7c33b3b9f between d57fc41b-8635-4a52-9833-77b8d663ed91 and e62b0b3c-79d6-4b4e-8463-986eff3a5722
2025-05-31 20:18:47,621 INFO Deleting new message record: userId=d57fc41b-8635-4a52-9833-77b8d663ed91, whoSent=e62b0b3c-79d6-4b4e-8463-986eff3a5722
2025-05-31 20:18:47,625 DEBUG New message record deleted successfully: userId=d57fc41b-8635-4a52-9833-77b8d663ed91, whoSent=e62b0b3c-79d6-4b4e-8463-986eff3a5722
2025-05-31 20:18:47,629 INFO Marked messages as read from e62b0b3c-79d6-4b4e-8463-986eff3a5722 to d57fc41b-8635-4a52-9833-77b8d663ed91
2025-05-31 20:18:52,369 INFO User d57fc41b-8635-4a52-9833-77b8d663ed91 accessed main page
2025-05-31 20:18:52,369 INFO Fetching profile for userId=d57fc41b-8635-4a52-9833-77b8d663ed91
2025-05-31 20:18:52,371 DEBUG Searching for photo by userId=d57fc41b-8635-4a52-9833-77b8d663ed91
2025-05-31 20:18:52,373 INFO Photo found for userId=d57fc41b-8635-4a52-9833-77b8d663ed91, size=71 Kb
2025-05-31 20:18:52,374 DEBUG Profile retrieved for userId=d57fc41b-8635-4a52-9833-77b8d663ed91, hasPhoto=true
2025-05-31 20:18:52,374 INFO Generating matched user DTOs for userId=d57fc41b-8635-4a52-9833-77b8d663ed91 and 2 matched IDs
2025-05-31 20:18:52,381 DEBUG Searching for photo by userId=e62b0b3c-79d6-4b4e-8463-986eff3a5722
2025-05-31 20:18:52,384 INFO Photo found for userId=e62b0b3c-79d6-4b4e-8463-986eff3a5722, size=168 Kb
2025-05-31 20:18:52,386 DEBUG For userId=d57fc41b-8635-4a52-9833-77b8d663ed91 and matchedUserId=e62b0b3c-79d6-4b4e-8463-986eff3a5722, commonInterests=3, otherInterests=3
2025-05-31 20:18:52,387 DEBUG Searching for photo by userId=d01bab69-5c42-4526-b467-3fcbc62b421d
2025-05-31 20:18:52,390 WARN No photo found for userId=d01bab69-5c42-4526-b467-3fcbc62b421d
2025-05-31 20:18:52,391 DEBUG For userId=d57fc41b-8635-4a52-9833-77b8d663ed91 and matchedUserId=d01bab69-5c42-4526-b467-3fcbc62b421d, commonInterests=2, otherInterests=4
2025-05-31 20:18:52,391 DEBUG Loaded 2 user cards for user d57fc41b-8635-4a52-9833-77b8d663ed91
2025-05-31 20:18:56,628 INFO User d57fc41b-8635-4a52-9833-77b8d663ed91 rejected user e62b0b3c-79d6-4b4e-8463-986eff3a5722
2025-05-31 20:18:56,629 INFO Rejecting user: userId=d57fc41b-8635-4a52-9833-77b8d663ed91 rejects rejectedUserId=e62b0b3c-79d6-4b4e-8463-986eff3a5722
2025-05-31 20:18:56,630 DEBUG Reject records saved for both directions: d57fc41b-8635-4a52-9833-77b8d663ed91 ⇄ e62b0b3c-79d6-4b4e-8463-986eff3a5722
2025-05-31 20:18:56,631 INFO Deleting chat between userA=d57fc41b-8635-4a52-9833-77b8d663ed91 and userB=e62b0b3c-79d6-4b4e-8463-986eff3a5722
2025-05-31 20:18:56,635 INFO Chat successfully deleted between d57fc41b-8635-4a52-9833-77b8d663ed91 and e62b0b3c-79d6-4b4e-8463-986eff3a5722
2025-05-31 20:18:56,635 INFO Deleted chat between d57fc41b-8635-4a52-9833-77b8d663ed91 and e62b0b3c-79d6-4b4e-8463-986eff3a5722
2025-05-31 20:18:56,635 INFO Deleting new message record: userId=d57fc41b-8635-4a52-9833-77b8d663ed91, whoSent=e62b0b3c-79d6-4b4e-8463-986eff3a5722
2025-05-31 20:18:56,640 DEBUG New message record deleted successfully: userId=d57fc41b-8635-4a52-9833-77b8d663ed91, whoSent=e62b0b3c-79d6-4b4e-8463-986eff3a5722
2025-05-31 20:18:56,640 INFO Deleting new message record: userId=e62b0b3c-79d6-4b4e-8463-986eff3a5722, whoSent=d57fc41b-8635-4a52-9833-77b8d663ed91
2025-05-31 20:18:56,642 DEBUG New message record deleted successfully: userId=e62b0b3c-79d6-4b4e-8463-986eff3a5722, whoSent=d57fc41b-8635-4a52-9833-77b8d663ed91
2025-05-31 20:18:56,643 INFO Deleted new message notifications between d57fc41b-8635-4a52-9833-77b8d663ed91 and e62b0b3c-79d6-4b4e-8463-986eff3a5722
2025-05-31 20:18:56,651 DEBUG Removed user e62b0b3c-79d6-4b4e-8463-986eff3a5722 from session match list for user d57fc41b-8635-4a52-9833-77b8d663ed91
2025-05-31 20:18:58,353 DEBUG User d57fc41b-8635-4a52-9833-77b8d663ed91 is loading more matches from offset 1 (1 items)
2025-05-31 20:18:58,353 INFO Generating matched user DTOs for userId=d57fc41b-8635-4a52-9833-77b8d663ed91 and 1 matched IDs
2025-05-31 20:18:58,357 DEBUG Searching for photo by userId=105ea44e-695e-4756-b218-6156174d51f2
2025-05-31 20:18:58,361 INFO Photo found for userId=105ea44e-695e-4756-b218-6156174d51f2, size=31 Kb
2025-05-31 20:18:58,363 DEBUG For userId=d57fc41b-8635-4a52-9833-77b8d663ed91 and matchedUserId=105ea44e-695e-4756-b218-6156174d51f2, commonInterests=1, otherInterests=4
2025-05-31 20:19:02,055 INFO User e62b0b3c-79d6-4b4e-8463-986eff3a5722 accessed main page
2025-05-31 20:19:02,056 INFO Fetching profile for userId=e62b0b3c-79d6-4b4e-8463-986eff3a5722
2025-05-31 20:19:02,059 DEBUG Searching for photo by userId=e62b0b3c-79d6-4b4e-8463-986eff3a5722
2025-05-31 20:19:02,062 INFO Photo found for userId=e62b0b3c-79d6-4b4e-8463-986eff3a5722, size=168 Kb
2025-05-31 20:19:02,067 DEBUG Profile retrieved for userId=e62b0b3c-79d6-4b4e-8463-986eff3a5722, hasPhoto=true
2025-05-31 20:19:02,067 INFO Generating matched user DTOs for userId=e62b0b3c-79d6-4b4e-8463-986eff3a5722 and 2 matched IDs
2025-05-31 20:19:02,079 DEBUG Searching for photo by userId=d57fc41b-8635-4a52-9833-77b8d663ed91
2025-05-31 20:19:02,083 INFO Photo found for userId=d57fc41b-8635-4a52-9833-77b8d663ed91, size=71 Kb
2025-05-31 20:19:02,085 DEBUG For userId=e62b0b3c-79d6-4b4e-8463-986eff3a5722 and matchedUserId=d57fc41b-8635-4a52-9833-77b8d663ed91, commonInterests=3, otherInterests=0
2025-05-31 20:19:02,086 DEBUG Searching for photo by userId=d01bab69-5c42-4526-b467-3fcbc62b421d
2025-05-31 20:19:02,089 WARN No photo found for userId=d01bab69-5c42-4526-b467-3fcbc62b421d
2025-05-31 20:19:02,089 DEBUG For userId=e62b0b3c-79d6-4b4e-8463-986eff3a5722 and matchedUserId=d01bab69-5c42-4526-b467-3fcbc62b421d, commonInterests=4, otherInterests=2
2025-05-31 20:19:02,090 DEBUG Loaded 2 user cards for user e62b0b3c-79d6-4b4e-8463-986eff3a5722
2025-05-31 20:19:05,277 INFO Match list for userId=e62b0b3c-79d6-4b4e-8463-986eff3a5722 was reset via /main/renew
2025-05-31 20:19:05,288 INFO User e62b0b3c-79d6-4b4e-8463-986eff3a5722 accessed main page
2025-05-31 20:19:05,288 INFO Fetching profile for userId=e62b0b3c-79d6-4b4e-8463-986eff3a5722
2025-05-31 20:19:05,292 DEBUG Searching for photo by userId=e62b0b3c-79d6-4b4e-8463-986eff3a5722
2025-05-31 20:19:05,295 INFO Photo found for userId=e62b0b3c-79d6-4b4e-8463-986eff3a5722, size=168 Kb
2025-05-31 20:19:05,296 DEBUG Profile retrieved for userId=e62b0b3c-79d6-4b4e-8463-986eff3a5722, hasPhoto=true
2025-05-31 20:19:05,296 DEBUG Session does not contain match list for user e62b0b3c-79d6-4b4e-8463-986eff3a5722. Generating matches...
2025-05-31 20:19:05,296 INFO Getting sorted user matches for userId=e62b0b3c-79d6-4b4e-8463-986eff3a5722
2025-05-31 20:19:05,296 DEBUG Finding all rejected users for userId=e62b0b3c-79d6-4b4e-8463-986eff3a5722
2025-05-31 20:19:05,301 INFO Found 1 rejected user(s) for userId=e62b0b3c-79d6-4b4e-8463-986eff3a5722
2025-05-31 20:19:05,301 DEBUG 1 rejected users for userId=e62b0b3c-79d6-4b4e-8463-986eff3a5722
2025-05-31 20:19:05,301 DEBUG Finding all new message records for userId=e62b0b3c-79d6-4b4e-8463-986eff3a5722
2025-05-31 20:19:05,303 INFO Found 0 new message record(s) for userId=e62b0b3c-79d6-4b4e-8463-986eff3a5722
2025-05-31 20:19:05,303 DEBUG 0 users with new messages for userId=e62b0b3c-79d6-4b4e-8463-986eff3a5722
2025-05-31 20:19:05,305 INFO Matched users (sorted, with no rejects) found: 2
2025-05-31 20:19:05,305 INFO Generated 2 total matches (0 with new messages) for user e62b0b3c-79d6-4b4e-8463-986eff3a5722
2025-05-31 20:19:05,305 INFO Generating matched user DTOs for userId=e62b0b3c-79d6-4b4e-8463-986eff3a5722 and 2 matched IDs
2025-05-31 20:19:05,313 DEBUG Searching for photo by userId=d01bab69-5c42-4526-b467-3fcbc62b421d
2025-05-31 20:19:05,316 WARN No photo found for userId=d01bab69-5c42-4526-b467-3fcbc62b421d
2025-05-31 20:19:05,317 DEBUG For userId=e62b0b3c-79d6-4b4e-8463-986eff3a5722 and matchedUserId=d01bab69-5c42-4526-b467-3fcbc62b421d, commonInterests=4, otherInterests=2
2025-05-31 20:19:05,317 DEBUG Searching for photo by userId=105ea44e-695e-4756-b218-6156174d51f2
2025-05-31 20:19:05,319 INFO Photo found for userId=105ea44e-695e-4756-b218-6156174d51f2, size=31 Kb
2025-05-31 20:19:05,320 DEBUG For userId=e62b0b3c-79d6-4b4e-8463-986eff3a5722 and matchedUserId=105ea44e-695e-4756-b218-6156174d51f2, commonInterests=1, otherInterests=4
2025-05-31 20:19:05,321 DEBUG Loaded 2 user cards for user e62b0b3c-79d6-4b4e-8463-986eff3a5722
2025-05-31 20:19:07,193 DEBUG User e62b0b3c-79d6-4b4e-8463-986eff3a5722 is loading more matches from offset 2 (0 items)
2025-05-31 20:19:07,193 INFO Generating matched user DTOs for userId=e62b0b3c-79d6-4b4e-8463-986eff3a5722 and 0 matched IDs
2025-05-31 20:19:14,969 INFO Login page requested from IP=0:0:0:0:0:0:0:1
2025-05-31 20:20:54,091 INFO Commencing graceful shutdown. Waiting for active requests to complete
2025-05-31 20:20:54,100 INFO Graceful shutdown complete
2025-05-31 20:20:54,107 INFO Closing JPA EntityManagerFactory for persistence unit 'default'
